{"contracts/MockLogic.sol":{"l":{"11":2,"12":1,"13":1,"17":0,"21":1},"path":"/home/darkwingduck/EIP-3561/EIP-3561-tests/contracts/MockLogic.sol","s":{"1":2,"2":0},"b":{"1":[1,1]},"f":{"1":2,"2":0,"3":1},"fnMap":{"1":{"name":"init","line":10,"loc":{"start":{"line":10,"column":4},"end":{"line":14,"column":4}}},"2":{"name":null,"line":16,"loc":{"start":{"line":16,"column":4},"end":{"line":18,"column":4}}},"3":{"name":"changeState","line":20,"loc":{"start":{"line":20,"column":4},"end":{"line":22,"column":4}}}},"statementMap":{"1":{"start":{"line":11,"column":8},"end":{"line":11,"column":28}},"2":{"start":{"line":17,"column":8},"end":{"line":17,"column":42}}},"branchMap":{"1":{"line":11,"type":"if","locations":[{"start":{"line":11,"column":8},"end":{"line":11,"column":8}},{"start":{"line":11,"column":8},"end":{"line":11,"column":8}}]}}},"contracts/TrustMinimizedProxy.sol":{"l":{"21":6,"29":6,"33":30,"34":24,"36":6,"41":12,"47":0,"53":5,"59":3,"65":26,"71":44,"77":7,"83":1,"84":1,"88":3,"89":2,"90":2,"94":2,"95":2,"96":2,"100":7,"104":0,"108":13,"109":12,"113":1,"114":1,"118":1,"122":3,"123":3,"126":3,"131":10,"132":10,"135":10,"136":9,"139":9,"140":8,"144":15,"145":14,"151":2,"152":2,"153":2,"156":2,"160":6,"161":4,"162":4,"165":4,"166":4,"167":4,"169":2,"174":12},"path":"/home/darkwingduck/EIP-3561/EIP-3561-tests/contracts/TrustMinimizedProxy.sol","s":{"1":6,"2":6,"3":30,"4":6,"5":1,"6":1,"7":3,"8":2,"9":2,"10":2,"11":2,"12":7,"13":13,"14":12,"15":1,"16":1,"17":3,"18":3,"19":10,"20":10,"21":9,"22":8,"23":15,"24":2,"25":2,"26":2,"27":6,"28":4,"29":4,"30":4,"31":4,"32":2},"b":{"1":[6,0],"2":[24,6],"3":[1,1],"4":[3,1],"5":[2,1],"6":[2,0],"7":[12,1],"8":[1,1],"9":[3,1],"10":[3,0],"11":[10,1],"12":[9,1],"13":[2,0],"14":[6,1],"15":[4,2],"16":[4,0]},"f":{"1":6,"2":30,"3":12,"4":0,"5":5,"6":3,"7":26,"8":44,"9":7,"10":1,"11":3,"12":7,"13":13,"14":1,"15":3,"16":10,"17":15,"18":2,"19":6,"20":12},"fnMap":{"1":{"name":"constructor","line":20,"loc":{"start":{"line":20,"column":4},"end":{"line":30,"column":4}}},"2":{"name":"IfAdmin","line":32,"loc":{"start":{"line":32,"column":4},"end":{"line":38,"column":4}}},"3":{"name":"_logic","line":40,"loc":{"start":{"line":40,"column":4},"end":{"line":44,"column":4}}},"4":{"name":"_nextLogic","line":46,"loc":{"start":{"line":46,"column":4},"end":{"line":50,"column":4}}},"5":{"name":"_proposeBlock","line":52,"loc":{"start":{"line":52,"column":4},"end":{"line":56,"column":4}}},"6":{"name":"_nextLogicBlock","line":58,"loc":{"start":{"line":58,"column":4},"end":{"line":62,"column":4}}},"7":{"name":"_zeroTrustPeriod","line":64,"loc":{"start":{"line":64,"column":4},"end":{"line":68,"column":4}}},"8":{"name":"_admin","line":70,"loc":{"start":{"line":70,"column":4},"end":{"line":74,"column":4}}},"9":{"name":"_setAdmin","line":76,"loc":{"start":{"line":76,"column":4},"end":{"line":80,"column":4}}},"10":{"name":"changeAdmin","line":82,"loc":{"start":{"line":82,"column":4},"end":{"line":85,"column":4}}},"11":{"name":"upgrade","line":87,"loc":{"start":{"line":87,"column":4},"end":{"line":97,"column":4}}},"12":{"name":null,"line":99,"loc":{"start":{"line":99,"column":4},"end":{"line":101,"column":4}}},"13":{"name":"_fallback","line":107,"loc":{"start":{"line":107,"column":4},"end":{"line":110,"column":4}}},"14":{"name":"cancelUpgrade","line":112,"loc":{"start":{"line":112,"column":4},"end":{"line":119,"column":4}}},"15":{"name":"prolongLock","line":121,"loc":{"start":{"line":121,"column":4},"end":{"line":127,"column":4}}},"16":{"name":"setZeroTrustPeriod","line":129,"loc":{"start":{"line":129,"column":4},"end":{"line":141,"column":4}}},"17":{"name":"_updateNextBlockSlot","line":143,"loc":{"start":{"line":143,"column":4},"end":{"line":148,"column":4}}},"18":{"name":"_setNextLogic","line":150,"loc":{"start":{"line":150,"column":4},"end":{"line":157,"column":4}}},"19":{"name":"proposeTo","line":159,"loc":{"start":{"line":159,"column":4},"end":{"line":171,"column":4}}},"20":{"name":"_delegate","line":173,"loc":{"start":{"line":173,"column":4},"end":{"line":186,"column":4}}}},"statementMap":{"1":{"start":{"line":21,"column":8},"end":{"line":21,"column":1307}},"2":{"start":{"line":29,"column":8},"end":{"line":29,"column":28}},"3":{"start":{"line":33,"column":8},"end":{"line":33,"column":2000}},"4":{"start":{"line":36,"column":12},"end":{"line":36,"column":22}},"5":{"start":{"line":83,"column":8},"end":{"line":83,"column":43}},"6":{"start":{"line":84,"column":8},"end":{"line":84,"column":24}},"7":{"start":{"line":88,"column":8},"end":{"line":88,"column":61}},"8":{"start":{"line":89,"column":8},"end":{"line":89,"column":21}},"9":{"start":{"line":94,"column":8},"end":{"line":94,"column":51}},"10":{"start":{"line":95,"column":8},"end":{"line":95,"column":41}},"11":{"start":{"line":96,"column":8},"end":{"line":96,"column":28}},"12":{"start":{"line":100,"column":8},"end":{"line":100,"column":18}},"13":{"start":{"line":108,"column":8},"end":{"line":108,"column":38}},"14":{"start":{"line":109,"column":8},"end":{"line":109,"column":26}},"15":{"start":{"line":113,"column":8},"end":{"line":113,"column":21}},"16":{"start":{"line":118,"column":8},"end":{"line":118,"column":32}},"17":{"start":{"line":122,"column":8},"end":{"line":122,"column":61}},"18":{"start":{"line":126,"column":8},"end":{"line":126,"column":72}},"19":{"start":{"line":131,"column":8},"end":{"line":131,"column":16}},"20":{"start":{"line":135,"column":8},"end":{"line":135,"column":54}},"21":{"start":{"line":139,"column":8},"end":{"line":139,"column":29}},"22":{"start":{"line":140,"column":8},"end":{"line":140,"column":39}},"23":{"start":{"line":144,"column":8},"end":{"line":144,"column":52}},"24":{"start":{"line":151,"column":8},"end":{"line":151,"column":59}},"25":{"start":{"line":152,"column":8},"end":{"line":152,"column":29}},"26":{"start":{"line":156,"column":8},"end":{"line":156,"column":68}},"27":{"start":{"line":160,"column":8},"end":{"line":160,"column":5386}},"28":{"start":{"line":161,"column":12},"end":{"line":161,"column":33}},"29":{"start":{"line":165,"column":12},"end":{"line":165,"column":58}},"30":{"start":{"line":166,"column":12},"end":{"line":166,"column":45}},"31":{"start":{"line":167,"column":12},"end":{"line":167,"column":35}},"32":{"start":{"line":169,"column":12},"end":{"line":169,"column":34}}},"branchMap":{"1":{"line":21,"type":"if","locations":[{"start":{"line":21,"column":8},"end":{"line":21,"column":8}},{"start":{"line":21,"column":8},"end":{"line":21,"column":8}}]},"2":{"line":33,"type":"if","locations":[{"start":{"line":33,"column":8},"end":{"line":33,"column":8}},{"start":{"line":33,"column":8},"end":{"line":33,"column":8}}]},"3":{"line":82,"type":"if","locations":[{"start":{"line":82,"column":50},"end":{"line":82,"column":50}},{"start":{"line":82,"column":50},"end":{"line":82,"column":50}}]},"4":{"line":87,"type":"if","locations":[{"start":{"line":87,"column":51},"end":{"line":87,"column":51}},{"start":{"line":87,"column":51},"end":{"line":87,"column":51}}]},"5":{"line":88,"type":"if","locations":[{"start":{"line":88,"column":8},"end":{"line":88,"column":8}},{"start":{"line":88,"column":8},"end":{"line":88,"column":8}}]},"6":{"line":95,"type":"if","locations":[{"start":{"line":95,"column":8},"end":{"line":95,"column":8}},{"start":{"line":95,"column":8},"end":{"line":95,"column":8}}]},"7":{"line":108,"type":"if","locations":[{"start":{"line":108,"column":8},"end":{"line":108,"column":8}},{"start":{"line":108,"column":8},"end":{"line":108,"column":8}}]},"8":{"line":112,"type":"if","locations":[{"start":{"line":112,"column":38},"end":{"line":112,"column":38}},{"start":{"line":112,"column":38},"end":{"line":112,"column":38}}]},"9":{"line":121,"type":"if","locations":[{"start":{"line":121,"column":42},"end":{"line":121,"column":42}},{"start":{"line":121,"column":42},"end":{"line":121,"column":42}}]},"10":{"line":122,"type":"if","locations":[{"start":{"line":122,"column":8},"end":{"line":122,"column":8}},{"start":{"line":122,"column":8},"end":{"line":122,"column":8}}]},"11":{"line":129,"type":"if","locations":[{"start":{"line":129,"column":54},"end":{"line":129,"column":54}},{"start":{"line":129,"column":54},"end":{"line":129,"column":54}}]},"12":{"line":135,"type":"if","locations":[{"start":{"line":135,"column":8},"end":{"line":135,"column":8}},{"start":{"line":135,"column":8},"end":{"line":135,"column":8}}]},"13":{"line":151,"type":"if","locations":[{"start":{"line":151,"column":8},"end":{"line":151,"column":8}},{"start":{"line":151,"column":8},"end":{"line":151,"column":8}}]},"14":{"line":159,"type":"if","locations":[{"start":{"line":159,"column":79},"end":{"line":159,"column":79}},{"start":{"line":159,"column":79},"end":{"line":159,"column":79}}]},"15":{"line":160,"type":"if","locations":[{"start":{"line":160,"column":8},"end":{"line":160,"column":8}},{"start":{"line":160,"column":8},"end":{"line":160,"column":8}}]},"16":{"line":166,"type":"if","locations":[{"start":{"line":166,"column":12},"end":{"line":166,"column":12}},{"start":{"line":166,"column":12},"end":{"line":166,"column":12}}]}}}}