{"contracts/MockToken.sol":{"l":{"11":50,"12":50,"13":50,"17":18,"21":3},"path":"/home/darkwingduck/EIP-3561/EIP-3561-tests/contracts/MockToken.sol","s":{"1":50,"2":18},"b":{"1":[50,0]},"f":{"1":50,"2":18,"3":3},"fnMap":{"1":{"name":"init","line":10,"loc":{"start":{"line":10,"column":4},"end":{"line":14,"column":4}}},"2":{"name":null,"line":16,"loc":{"start":{"line":16,"column":4},"end":{"line":18,"column":4}}},"3":{"name":"changeState","line":20,"loc":{"start":{"line":20,"column":4},"end":{"line":22,"column":4}}}},"statementMap":{"1":{"start":{"line":11,"column":8},"end":{"line":11,"column":28}},"2":{"start":{"line":17,"column":8},"end":{"line":17,"column":42}}},"branchMap":{"1":{"line":11,"type":"if","locations":[{"start":{"line":11,"column":8},"end":{"line":11,"column":8}},{"start":{"line":11,"column":8},"end":{"line":11,"column":8}}]}}},"contracts/TrustMinimizedProxy.sol":{"l":{"21":321,"29":321,"33":202,"34":166,"36":36,"41":45,"47":0,"53":16,"59":6,"65":204,"71":256,"77":327,"83":6,"84":6,"88":6,"89":4,"90":4,"94":4,"95":4,"96":4,"100":12,"104":0,"108":48,"109":45,"113":6,"114":6,"118":6,"122":12,"123":12,"126":12,"131":80,"132":80,"135":80,"136":76,"139":76,"140":70,"144":132,"145":126,"151":4,"152":4,"153":4,"156":4,"160":56,"161":52,"162":52,"165":52,"166":52,"167":52,"169":4,"174":45},"path":"/home/darkwingduck/EIP-3561/EIP-3561-tests/contracts/TrustMinimizedProxy.sol","s":{"1":321,"2":321,"3":202,"4":36,"5":6,"6":6,"7":6,"8":4,"9":4,"10":4,"11":4,"12":12,"13":48,"14":45,"15":6,"16":6,"17":12,"18":12,"19":80,"20":80,"21":76,"22":70,"23":132,"24":4,"25":4,"26":4,"27":56,"28":52,"29":52,"30":52,"31":52,"32":4},"b":{"1":[321,0],"2":[166,36],"3":[6,6],"4":[6,6],"5":[4,2],"6":[4,0],"7":[45,3],"8":[6,6],"9":[12,6],"10":[12,0],"11":[80,6],"12":[76,4],"13":[4,0],"14":[56,6],"15":[52,4],"16":[52,0]},"f":{"1":321,"2":202,"3":45,"4":0,"5":16,"6":6,"7":204,"8":256,"9":327,"10":6,"11":6,"12":12,"13":48,"14":6,"15":12,"16":80,"17":132,"18":4,"19":56,"20":45},"fnMap":{"1":{"name":"constructor","line":20,"loc":{"start":{"line":20,"column":4},"end":{"line":30,"column":4}}},"2":{"name":"IfAdmin","line":32,"loc":{"start":{"line":32,"column":4},"end":{"line":38,"column":4}}},"3":{"name":"_logic","line":40,"loc":{"start":{"line":40,"column":4},"end":{"line":44,"column":4}}},"4":{"name":"_nextLogic","line":46,"loc":{"start":{"line":46,"column":4},"end":{"line":50,"column":4}}},"5":{"name":"_proposeBlock","line":52,"loc":{"start":{"line":52,"column":4},"end":{"line":56,"column":4}}},"6":{"name":"_nextLogicBlock","line":58,"loc":{"start":{"line":58,"column":4},"end":{"line":62,"column":4}}},"7":{"name":"_zeroTrustPeriod","line":64,"loc":{"start":{"line":64,"column":4},"end":{"line":68,"column":4}}},"8":{"name":"_admin","line":70,"loc":{"start":{"line":70,"column":4},"end":{"line":74,"column":4}}},"9":{"name":"_setAdmin","line":76,"loc":{"start":{"line":76,"column":4},"end":{"line":80,"column":4}}},"10":{"name":"changeAdmin","line":82,"loc":{"start":{"line":82,"column":4},"end":{"line":85,"column":4}}},"11":{"name":"upgrade","line":87,"loc":{"start":{"line":87,"column":4},"end":{"line":97,"column":4}}},"12":{"name":null,"line":99,"loc":{"start":{"line":99,"column":4},"end":{"line":101,"column":4}}},"13":{"name":"_fallback","line":107,"loc":{"start":{"line":107,"column":4},"end":{"line":110,"column":4}}},"14":{"name":"cancelUpgrade","line":112,"loc":{"start":{"line":112,"column":4},"end":{"line":119,"column":4}}},"15":{"name":"prolongLock","line":121,"loc":{"start":{"line":121,"column":4},"end":{"line":127,"column":4}}},"16":{"name":"setZeroTrustPeriod","line":129,"loc":{"start":{"line":129,"column":4},"end":{"line":141,"column":4}}},"17":{"name":"_updateNextBlockSlot","line":143,"loc":{"start":{"line":143,"column":4},"end":{"line":148,"column":4}}},"18":{"name":"_setNextLogic","line":150,"loc":{"start":{"line":150,"column":4},"end":{"line":157,"column":4}}},"19":{"name":"proposeTo","line":159,"loc":{"start":{"line":159,"column":4},"end":{"line":171,"column":4}}},"20":{"name":"_delegate","line":173,"loc":{"start":{"line":173,"column":4},"end":{"line":186,"column":4}}}},"statementMap":{"1":{"start":{"line":21,"column":8},"end":{"line":21,"column":1307}},"2":{"start":{"line":29,"column":8},"end":{"line":29,"column":28}},"3":{"start":{"line":33,"column":8},"end":{"line":33,"column":2000}},"4":{"start":{"line":36,"column":12},"end":{"line":36,"column":22}},"5":{"start":{"line":83,"column":8},"end":{"line":83,"column":43}},"6":{"start":{"line":84,"column":8},"end":{"line":84,"column":24}},"7":{"start":{"line":88,"column":8},"end":{"line":88,"column":61}},"8":{"start":{"line":89,"column":8},"end":{"line":89,"column":21}},"9":{"start":{"line":94,"column":8},"end":{"line":94,"column":51}},"10":{"start":{"line":95,"column":8},"end":{"line":95,"column":41}},"11":{"start":{"line":96,"column":8},"end":{"line":96,"column":28}},"12":{"start":{"line":100,"column":8},"end":{"line":100,"column":18}},"13":{"start":{"line":108,"column":8},"end":{"line":108,"column":38}},"14":{"start":{"line":109,"column":8},"end":{"line":109,"column":26}},"15":{"start":{"line":113,"column":8},"end":{"line":113,"column":21}},"16":{"start":{"line":118,"column":8},"end":{"line":118,"column":32}},"17":{"start":{"line":122,"column":8},"end":{"line":122,"column":61}},"18":{"start":{"line":126,"column":8},"end":{"line":126,"column":72}},"19":{"start":{"line":131,"column":8},"end":{"line":131,"column":16}},"20":{"start":{"line":135,"column":8},"end":{"line":135,"column":54}},"21":{"start":{"line":139,"column":8},"end":{"line":139,"column":29}},"22":{"start":{"line":140,"column":8},"end":{"line":140,"column":39}},"23":{"start":{"line":144,"column":8},"end":{"line":144,"column":52}},"24":{"start":{"line":151,"column":8},"end":{"line":151,"column":59}},"25":{"start":{"line":152,"column":8},"end":{"line":152,"column":29}},"26":{"start":{"line":156,"column":8},"end":{"line":156,"column":68}},"27":{"start":{"line":160,"column":8},"end":{"line":160,"column":5386}},"28":{"start":{"line":161,"column":12},"end":{"line":161,"column":33}},"29":{"start":{"line":165,"column":12},"end":{"line":165,"column":58}},"30":{"start":{"line":166,"column":12},"end":{"line":166,"column":45}},"31":{"start":{"line":167,"column":12},"end":{"line":167,"column":35}},"32":{"start":{"line":169,"column":12},"end":{"line":169,"column":34}}},"branchMap":{"1":{"line":21,"type":"if","locations":[{"start":{"line":21,"column":8},"end":{"line":21,"column":8}},{"start":{"line":21,"column":8},"end":{"line":21,"column":8}}]},"2":{"line":33,"type":"if","locations":[{"start":{"line":33,"column":8},"end":{"line":33,"column":8}},{"start":{"line":33,"column":8},"end":{"line":33,"column":8}}]},"3":{"line":82,"type":"if","locations":[{"start":{"line":82,"column":50},"end":{"line":82,"column":50}},{"start":{"line":82,"column":50},"end":{"line":82,"column":50}}]},"4":{"line":87,"type":"if","locations":[{"start":{"line":87,"column":51},"end":{"line":87,"column":51}},{"start":{"line":87,"column":51},"end":{"line":87,"column":51}}]},"5":{"line":88,"type":"if","locations":[{"start":{"line":88,"column":8},"end":{"line":88,"column":8}},{"start":{"line":88,"column":8},"end":{"line":88,"column":8}}]},"6":{"line":95,"type":"if","locations":[{"start":{"line":95,"column":8},"end":{"line":95,"column":8}},{"start":{"line":95,"column":8},"end":{"line":95,"column":8}}]},"7":{"line":108,"type":"if","locations":[{"start":{"line":108,"column":8},"end":{"line":108,"column":8}},{"start":{"line":108,"column":8},"end":{"line":108,"column":8}}]},"8":{"line":112,"type":"if","locations":[{"start":{"line":112,"column":38},"end":{"line":112,"column":38}},{"start":{"line":112,"column":38},"end":{"line":112,"column":38}}]},"9":{"line":121,"type":"if","locations":[{"start":{"line":121,"column":42},"end":{"line":121,"column":42}},{"start":{"line":121,"column":42},"end":{"line":121,"column":42}}]},"10":{"line":122,"type":"if","locations":[{"start":{"line":122,"column":8},"end":{"line":122,"column":8}},{"start":{"line":122,"column":8},"end":{"line":122,"column":8}}]},"11":{"line":129,"type":"if","locations":[{"start":{"line":129,"column":54},"end":{"line":129,"column":54}},{"start":{"line":129,"column":54},"end":{"line":129,"column":54}}]},"12":{"line":135,"type":"if","locations":[{"start":{"line":135,"column":8},"end":{"line":135,"column":8}},{"start":{"line":135,"column":8},"end":{"line":135,"column":8}}]},"13":{"line":151,"type":"if","locations":[{"start":{"line":151,"column":8},"end":{"line":151,"column":8}},{"start":{"line":151,"column":8},"end":{"line":151,"column":8}}]},"14":{"line":159,"type":"if","locations":[{"start":{"line":159,"column":79},"end":{"line":159,"column":79}},{"start":{"line":159,"column":79},"end":{"line":159,"column":79}}]},"15":{"line":160,"type":"if","locations":[{"start":{"line":160,"column":8},"end":{"line":160,"column":8}},{"start":{"line":160,"column":8},"end":{"line":160,"column":8}}]},"16":{"line":166,"type":"if","locations":[{"start":{"line":166,"column":12},"end":{"line":166,"column":12}},{"start":{"line":166,"column":12},"end":{"line":166,"column":12}}]}}}}