{
"contracts/MockToken.sol":{"l":{},"path":"/home/darkwingduck/EIP-3561/EIP-3561-tests/contracts/MockToken.sol","s":{"1":3},"b":{"1":[3,0]},"f":{"1":3,"2":18},"fnMap":{"1":{"name":"init","line":6,"loc":{"start":{"line":6,"column":2},"end":{"line":8,"column":2}}},"2":{"name":null,"line":10,"loc":{"start":{"line":10,"column":2},"end":{"line":10,"column":23}}}},"statementMap":{"1":{"start":{"line":7,"column":4},"end":{"line":7,"column":22}}},"branchMap":{"1":{"line":7,"type":"if","locations":[{"start":{"line":7,"column":4},"end":{"line":7,"column":4}},{"start":{"line":7,"column":4},"end":{"line":7,"column":4}}]}}},
"contracts/TrustMinimizedProxy.sol":{"l":{"21":18,"24":18,"28":95,"29":59,"31":36,"36":36,"40":0,"44":16,"48":6,"52":50,"56":137,"60":24,"64":6,"65":6,"69":6,"70":4,"71":4,"75":4,"76":4,"77":4,"81":0,"85":0,"89":36,"90":36,"94":6,"95":6,"99":6,"103":12,"104":12,"105":12,"109":20,"110":20,"111":20,"112":16,"113":16,"114":10,"118":25,"119":19,"123":4,"124":4,"125":4,"126":4,"130":9,"131":5,"132":5,"133":5,"134":5,"135":5,"137":4,"142":36},"path":"/home/darkwingduck/EIP-3561/EIP-3561-tests/contracts/TrustMinimizedProxy.sol","s":{"1":18,"2":18,"3":95,"4":36,"5":6,"6":6,"7":6,"8":4,"9":4,"10":4,"11":4,"12":0,"13":36,"14":36,"15":6,"16":6,"17":12,"18":12,"19":20,"20":20,"21":16,"22":10,"23":25,"24":4,"25":4,"26":4,"27":9,"28":5,"29":5,"30":5,"31":5,"32":4},"b":{"1":[18,0],"2":[59,36],"3":[6,6],"4":[6,6],"5":[4,2],"6":[4,0],"7":[36,0],"8":[6,6],"9":[12,6],"10":[12,0],"11":[20,6],"12":[16,4],"13":[4,0],"14":[9,6],"15":[5,4],"16":[5,0]},"f":{"1":18,"2":95,"3":36,"4":0,"5":16,"6":6,"7":50,"8":137,"9":24,"10":6,"11":6,"12":0,"13":36,"14":6,"15":12,"16":20,"17":25,"18":4,"19":9,"20":36},"fnMap":{"1":{"name":"constructor","line":20,"loc":{"start":{"line":20,"column":2},"end":{"line":25,"column":2}}},"2":{"name":"IfAdmin","line":27,"loc":{"start":{"line":27,"column":2},"end":{"line":33,"column":2}}},"3":{"name":"_logic","line":35,"loc":{"start":{"line":35,"column":2},"end":{"line":37,"column":2}}},"4":{"name":"_nextLogic","line":39,"loc":{"start":{"line":39,"column":2},"end":{"line":41,"column":2}}},"5":{"name":"_proposeBlock","line":43,"loc":{"start":{"line":43,"column":2},"end":{"line":45,"column":2}}},"6":{"name":"_nextLogicBlock","line":47,"loc":{"start":{"line":47,"column":2},"end":{"line":49,"column":2}}},"7":{"name":"_zeroTrustPeriod","line":51,"loc":{"start":{"line":51,"column":2},"end":{"line":53,"column":2}}},"8":{"name":"_admin","line":55,"loc":{"start":{"line":55,"column":2},"end":{"line":57,"column":2}}},"9":{"name":"_setAdmin","line":59,"loc":{"start":{"line":59,"column":2},"end":{"line":61,"column":2}}},"10":{"name":"changeAdmin","line":63,"loc":{"start":{"line":63,"column":2},"end":{"line":66,"column":2}}},"11":{"name":"upgrade","line":68,"loc":{"start":{"line":68,"column":2},"end":{"line":78,"column":2}}},"12":{"name":null,"line":80,"loc":{"start":{"line":80,"column":2},"end":{"line":82,"column":2}}},"13":{"name":"_fallback","line":88,"loc":{"start":{"line":88,"column":2},"end":{"line":91,"column":2}}},"14":{"name":"cancelUpgrade","line":93,"loc":{"start":{"line":93,"column":2},"end":{"line":100,"column":2}}},"15":{"name":"prolongLock","line":102,"loc":{"start":{"line":102,"column":2},"end":{"line":106,"column":2}}},"16":{"name":"setZeroTrustPeriod","line":108,"loc":{"start":{"line":108,"column":2},"end":{"line":115,"column":2}}},"17":{"name":"_updateBlockSlot","line":117,"loc":{"start":{"line":117,"column":2},"end":{"line":120,"column":2}}},"18":{"name":"_setNextLogic","line":122,"loc":{"start":{"line":122,"column":2},"end":{"line":127,"column":2}}},"19":{"name":"proposeTo","line":129,"loc":{"start":{"line":129,"column":2},"end":{"line":139,"column":2}}},"20":{"name":"_delegate","line":141,"loc":{"start":{"line":141,"column":2},"end":{"line":150,"column":2}}}},"statementMap":{"1":{"start":{"line":21,"column":4},"end":{"line":21,"column":1454}},"2":{"start":{"line":24,"column":4},"end":{"line":24,"column":24}},"3":{"start":{"line":28,"column":4},"end":{"line":28,"column":1856}},"4":{"start":{"line":31,"column":6},"end":{"line":31,"column":16}},"5":{"start":{"line":64,"column":4},"end":{"line":64,"column":39}},"6":{"start":{"line":65,"column":4},"end":{"line":65,"column":20}},"7":{"start":{"line":69,"column":4},"end":{"line":69,"column":54}},"8":{"start":{"line":70,"column":4},"end":{"line":70,"column":17}},"9":{"start":{"line":75,"column":4},"end":{"line":75,"column":46}},"10":{"start":{"line":76,"column":4},"end":{"line":76,"column":36}},"11":{"start":{"line":77,"column":4},"end":{"line":77,"column":24}},"12":{"start":{"line":81,"column":4},"end":{"line":81,"column":14}},"13":{"start":{"line":89,"column":4},"end":{"line":89,"column":34}},"14":{"start":{"line":90,"column":4},"end":{"line":90,"column":22}},"15":{"start":{"line":94,"column":4},"end":{"line":94,"column":17}},"16":{"start":{"line":99,"column":4},"end":{"line":99,"column":28}},"17":{"start":{"line":103,"column":4},"end":{"line":103,"column":44}},"18":{"start":{"line":105,"column":4},"end":{"line":105,"column":65}},"19":{"start":{"line":109,"column":4},"end":{"line":109,"column":12}},"20":{"start":{"line":111,"column":4},"end":{"line":111,"column":47}},"21":{"start":{"line":113,"column":4},"end":{"line":113,"column":21}},"22":{"start":{"line":114,"column":4},"end":{"line":114,"column":35}},"23":{"start":{"line":118,"column":4},"end":{"line":118,"column":48}},"24":{"start":{"line":123,"column":4},"end":{"line":123,"column":54}},"25":{"start":{"line":124,"column":4},"end":{"line":124,"column":21}},"26":{"start":{"line":126,"column":4},"end":{"line":126,"column":63}},"27":{"start":{"line":130,"column":4},"end":{"line":130,"column":4676}},"28":{"start":{"line":131,"column":6},"end":{"line":131,"column":23}},"29":{"start":{"line":133,"column":6},"end":{"line":133,"column":51}},"30":{"start":{"line":134,"column":6},"end":{"line":134,"column":38}},"31":{"start":{"line":135,"column":6},"end":{"line":135,"column":29}},"32":{"start":{"line":137,"column":6},"end":{"line":137,"column":28}}},"branchMap":{"1":{"line":21,"type":"if","locations":[{"start":{"line":21,"column":4},"end":{"line":21,"column":4}},{"start":{"line":21,"column":4},"end":{"line":21,"column":4}}]},"2":{"line":28,"type":"if","locations":[{"start":{"line":28,"column":4},"end":{"line":28,"column":4}},{"start":{"line":28,"column":4},"end":{"line":28,"column":4}}]},"3":{"line":63,"type":"if","locations":[{"start":{"line":63,"column":48},"end":{"line":63,"column":48}},{"start":{"line":63,"column":48},"end":{"line":63,"column":48}}]},"4":{"line":68,"type":"if","locations":[{"start":{"line":68,"column":49},"end":{"line":68,"column":49}},{"start":{"line":68,"column":49},"end":{"line":68,"column":49}}]},"5":{"line":69,"type":"if","locations":[{"start":{"line":69,"column":4},"end":{"line":69,"column":4}},{"start":{"line":69,"column":4},"end":{"line":69,"column":4}}]},"6":{"line":76,"type":"if","locations":[{"start":{"line":76,"column":4},"end":{"line":76,"column":4}},{"start":{"line":76,"column":4},"end":{"line":76,"column":4}}]},"7":{"line":89,"type":"if","locations":[{"start":{"line":89,"column":4},"end":{"line":89,"column":4}},{"start":{"line":89,"column":4},"end":{"line":89,"column":4}}]},"8":{"line":93,"type":"if","locations":[{"start":{"line":93,"column":36},"end":{"line":93,"column":36}},{"start":{"line":93,"column":36},"end":{"line":93,"column":36}}]},"9":{"line":102,"type":"if","locations":[{"start":{"line":102,"column":40},"end":{"line":102,"column":40}},{"start":{"line":102,"column":40},"end":{"line":102,"column":40}}]},"10":{"line":103,"type":"if","locations":[{"start":{"line":103,"column":4},"end":{"line":103,"column":4}},{"start":{"line":103,"column":4},"end":{"line":103,"column":4}}]},"11":{"line":108,"type":"if","locations":[{"start":{"line":108,"column":52},"end":{"line":108,"column":52}},{"start":{"line":108,"column":52},"end":{"line":108,"column":52}}]},"12":{"line":111,"type":"if","locations":[{"start":{"line":111,"column":4},"end":{"line":111,"column":4}},{"start":{"line":111,"column":4},"end":{"line":111,"column":4}}]},"13":{"line":123,"type":"if","locations":[{"start":{"line":123,"column":4},"end":{"line":123,"column":4}},{"start":{"line":123,"column":4},"end":{"line":123,"column":4}}]},"14":{"line":129,"type":"if","locations":[{"start":{"line":129,"column":77},"end":{"line":129,"column":77}},{"start":{"line":129,"column":77},"end":{"line":129,"column":77}}]},"15":{"line":130,"type":"if","locations":[{"start":{"line":130,"column":4},"end":{"line":130,"column":4}},{"start":{"line":130,"column":4},"end":{"line":130,"column":4}}]},"16":{"line":134,"type":"if","locations":[{"start":{"line":134,"column":6},"end":{"line":134,"column":6}},{"start":{"line":134,"column":6},"end":{"line":134,"column":6}}]}}}}
