TN:
SF:/home/darkwingduck/EIP-3561/EIP-3561-tests/contracts/MockToken.sol
FN:8,init
FN:12,
FN:16,changeState
FNF:3
FNH:2
FNDA:44,init
FNDA:18,
FNDA:0,changeState
DA:13,18
DA:17,0
LF:2
LH:1
BRDA:9,1,0,44
BRDA:9,1,1,0
BRF:2
BRH:1
end_of_record
TN:
SF:/home/darkwingduck/EIP-3561/EIP-3561-tests/contracts/TrustMinimizedProxy.sol
FN:20,constructor
FN:27,IfAdmin
FN:35,_logic
FN:39,_nextLogic
FN:43,_proposeBlock
FN:47,_nextLogicBlock
FN:51,_zeroTrustPeriod
FN:55,_admin
FN:59,_setAdmin
FN:63,changeAdmin
FN:68,upgrade
FN:80,
FN:88,_fallback
FN:93,cancelUpgrade
FN:102,prolongLock
FN:108,setZeroTrustPeriod
FN:117,_updateBlockSlot
FN:122,_setNextLogic
FN:129,proposeTo
FN:141,_delegate
FNF:20
FNH:18
FNDA:303,constructor
FNDA:192,IfAdmin
FNDA:36,_logic
FNDA:0,_nextLogic
FNDA:16,_proposeBlock
FNDA:6,_nextLogicBlock
FNDA:188,_zeroTrustPeriod
FNDA:234,_admin
FNDA:309,_setAdmin
FNDA:6,changeAdmin
FNDA:6,upgrade
FNDA:0,
FNDA:36,_fallback
FNDA:6,cancelUpgrade
FNDA:12,prolongLock
FNDA:76,setZeroTrustPeriod
FNDA:122,_updateBlockSlot
FNDA:4,_setNextLogic
FNDA:50,proposeTo
FNDA:36,_delegate
DA:21,303
DA:24,303
DA:28,192
DA:29,156
DA:31,36
DA:36,36
DA:40,0
DA:44,16
DA:48,6
DA:52,188
DA:56,234
DA:60,309
DA:64,6
DA:65,6
DA:69,6
DA:70,4
DA:71,4
DA:75,4
DA:76,4
DA:77,4
DA:81,0
DA:85,0
DA:89,36
DA:90,36
DA:94,6
DA:95,6
DA:99,6
DA:103,12
DA:104,12
DA:105,12
DA:109,76
DA:110,76
DA:111,76
DA:112,72
DA:113,72
DA:114,66
DA:118,122
DA:119,116
DA:123,4
DA:124,4
DA:125,4
DA:126,4
DA:130,50
DA:131,46
DA:132,46
DA:133,46
DA:134,46
DA:135,46
DA:137,4
DA:142,36
LF:50
LH:47
BRDA:21,1,0,303
BRDA:21,1,1,0
BRDA:28,2,0,156
BRDA:28,2,1,36
BRDA:63,3,0,6
BRDA:63,3,1,6
BRDA:68,4,0,6
BRDA:68,4,1,6
BRDA:69,5,0,4
BRDA:69,5,1,2
BRDA:76,6,0,4
BRDA:76,6,1,0
BRDA:89,7,0,36
BRDA:89,7,1,0
BRDA:93,8,0,6
BRDA:93,8,1,6
BRDA:102,9,0,12
BRDA:102,9,1,6
BRDA:103,10,0,12
BRDA:103,10,1,0
BRDA:108,11,0,76
BRDA:108,11,1,6
BRDA:111,12,0,72
BRDA:111,12,1,4
BRDA:123,13,0,4
BRDA:123,13,1,0
BRDA:129,14,0,50
BRDA:129,14,1,6
BRDA:130,15,0,46
BRDA:130,15,1,4
BRDA:134,16,0,46
BRDA:134,16,1,0
BRF:32
BRH:26
end_of_record
