TN:
SF:/home/darkwingduck/EIP-3561/EIP-3561-tests/contracts/MockToken.sol
FN:6,init
FN:10,
FNF:2
FNH:2
FNDA:3,init
FNDA:18,
LF:0
LH:0
BRDA:7,1,0,3
BRDA:7,1,1,0
BRF:2
BRH:1
end_of_record
TN:
SF:/home/darkwingduck/EIP-3561/EIP-3561-tests/contracts/TrustMinimizedProxy.sol
FN:20,constructor
FN:27,IfAdmin
FN:35,_logic
FN:39,_nextLogic
FN:43,_proposeBlock
FN:47,_nextLogicBlock
FN:51,_zeroTrustPeriod
FN:55,_admin
FN:59,_setAdmin
FN:63,changeAdmin
FN:68,upgrade
FN:80,
FN:88,_fallback
FN:93,cancelUpgrade
FN:102,prolongLock
FN:108,setZeroTrustPeriod
FN:117,_updateBlockSlot
FN:122,_setNextLogic
FN:129,proposeTo
FN:141,_delegate
FNF:20
FNH:18
FNDA:18,constructor
FNDA:95,IfAdmin
FNDA:36,_logic
FNDA:0,_nextLogic
FNDA:16,_proposeBlock
FNDA:6,_nextLogicBlock
FNDA:50,_zeroTrustPeriod
FNDA:137,_admin
FNDA:24,_setAdmin
FNDA:6,changeAdmin
FNDA:6,upgrade
FNDA:0,
FNDA:36,_fallback
FNDA:6,cancelUpgrade
FNDA:12,prolongLock
FNDA:20,setZeroTrustPeriod
FNDA:25,_updateBlockSlot
FNDA:4,_setNextLogic
FNDA:9,proposeTo
FNDA:36,_delegate
DA:21,18
DA:24,18
DA:28,95
DA:29,59
DA:31,36
DA:36,36
DA:40,0
DA:44,16
DA:48,6
DA:52,50
DA:56,137
DA:60,24
DA:64,6
DA:65,6
DA:69,6
DA:70,4
DA:71,4
DA:75,4
DA:76,4
DA:77,4
DA:81,0
DA:85,0
DA:89,36
DA:90,36
DA:94,6
DA:95,6
DA:99,6
DA:103,12
DA:104,12
DA:105,12
DA:109,20
DA:110,20
DA:111,20
DA:112,16
DA:113,16
DA:114,10
DA:118,25
DA:119,19
DA:123,4
DA:124,4
DA:125,4
DA:126,4
DA:130,9
DA:131,5
DA:132,5
DA:133,5
DA:134,5
DA:135,5
DA:137,4
DA:142,36
LF:50
LH:47
BRDA:21,1,0,18
BRDA:21,1,1,0
BRDA:28,2,0,59
BRDA:28,2,1,36
BRDA:63,3,0,6
BRDA:63,3,1,6
BRDA:68,4,0,6
BRDA:68,4,1,6
BRDA:69,5,0,4
BRDA:69,5,1,2
BRDA:76,6,0,4
BRDA:76,6,1,0
BRDA:89,7,0,36
BRDA:89,7,1,0
BRDA:93,8,0,6
BRDA:93,8,1,6
BRDA:102,9,0,12
BRDA:102,9,1,6
BRDA:103,10,0,12
BRDA:103,10,1,0
BRDA:108,11,0,20
BRDA:108,11,1,6
BRDA:111,12,0,16
BRDA:111,12,1,4
BRDA:123,13,0,4
BRDA:123,13,1,0
BRDA:129,14,0,9
BRDA:129,14,1,6
BRDA:130,15,0,5
BRDA:130,15,1,4
BRDA:134,16,0,5
BRDA:134,16,1,0
BRF:32
BRH:26
end_of_record
